This is XeTeX, Version 3.141592653-2.6-0.999993 (TeX Live 2021) (preloaded format=xelatex 2021.7.28)  17 SEP 2023 23:12
entering extended mode
 restricted \write18 enabled.
 %&-line parsing enabled.
**ma22004.tex
(./ma22004.tex
LaTeX2e <2021-06-01> patch level 1
L3 programming layer <2021-07-12> (/usr/local/texlive/2021/texmf-dist/tex/latex
/base/book.cls
Document Class: book 2021/02/12 v1.4n Standard LaTeX document class
(/usr/local/texlive/2021/texmf-dist/tex/latex/base/bk11.clo
File: bk11.clo 2021/02/12 v1.4n Standard LaTeX file (size option)
)
\c@part=\count178
\c@chapter=\count179
\c@section=\count180
\c@subsection=\count181
\c@subsubsection=\count182
\c@paragraph=\count183
\c@subparagraph=\count184
\c@figure=\count185
\c@table=\count186
\abovecaptionskip=\skip47
\belowcaptionskip=\skip48
\bibindent=\dimen138
) (/usr/local/texlive/2021/texmf-dist/tex/latex/amsmath/amsmath.sty
Package: amsmath 2021/04/20 v2.17j AMS math features
\@mathmargin=\skip49
For additional information on amsmath, use the `?' option.
(/usr/local/texlive/2021/texmf-dist/tex/latex/amsmath/amstext.sty
Package: amstext 2000/06/29 v2.01 AMS text
(/usr/local/texlive/2021/texmf-dist/tex/latex/amsmath/amsgen.sty
File: amsgen.sty 1999/11/30 v2.0 generic functions
\@emptytoks=\toks16
\ex@=\dimen139
)) (/usr/local/texlive/2021/texmf-dist/tex/latex/amsmath/amsbsy.sty
Package: amsbsy 1999/11/29 v1.2d Bold Symbols
\pmbraise@=\dimen140
) (/usr/local/texlive/2021/texmf-dist/tex/latex/amsmath/amsopn.sty
Package: amsopn 2016/03/08 v2.02 operator names
)
\inf@bad=\count187
LaTeX Info: Redefining \frac on input line 234.
\uproot@=\count188
\leftroot@=\count189
LaTeX Info: Redefining \overline on input line 399.
\classnum@=\count190
\DOTSCASE@=\count191
LaTeX Info: Redefining \ldots on input line 496.
LaTeX Info: Redefining \dots on input line 499.
LaTeX Info: Redefining \cdots on input line 620.
\Mathstrutbox@=\box50
\strutbox@=\box51
\big@size=\dimen141
LaTeX Font Info:    Redeclaring font encoding OML on input line 743.
LaTeX Font Info:    Redeclaring font encoding OMS on input line 744.
\macc@depth=\count192
\c@MaxMatrixCols=\count193
\dotsspace@=\muskip16
\c@parentequation=\count194
\dspbrk@lvl=\count195
\tag@help=\toks17
\row@=\count196
\column@=\count197
\maxfields@=\count198
\andhelp@=\toks18
\eqnshift@=\dimen142
\alignsep@=\dimen143
\tagshift@=\dimen144
\tagwidth@=\dimen145
\totwidth@=\dimen146
\lineht@=\dimen147
\@envbody=\toks19
\multlinegap=\skip50
\multlinetaggap=\skip51
\mathdisplay@stack=\toks20
LaTeX Info: Redefining \[ on input line 2923.
LaTeX Info: Redefining \] on input line 2924.
) (/usr/local/texlive/2021/texmf-dist/tex/latex/amsfonts/amssymb.sty
Package: amssymb 2013/01/14 v3.01 AMS font symbols
(/usr/local/texlive/2021/texmf-dist/tex/latex/amsfonts/amsfonts.sty
Package: amsfonts 2013/01/14 v3.01 Basic AMSFonts support
\symAMSa=\mathgroup4
\symAMSb=\mathgroup5
LaTeX Font Info:    Redeclaring math symbol \hbar on input line 98.
LaTeX Font Info:    Overwriting math alphabet `\mathfrak' in version `bold'
(Font)                  U/euf/m/n --> U/euf/b/n on input line 106.
)) (/usr/local/texlive/2021/texmf-dist/tex/generic/iftex/iftex.sty
Package: iftex 2020/03/06 v1.0d TeX engine tests
) (/usr/local/texlive/2021/texmf-dist/tex/latex/unicode-math/unicode-math.sty (
/usr/local/texlive/2021/texmf-dist/tex/latex/l3kernel/expl3.sty
Package: expl3 2021-07-12 L3 programming layer (loader) 
(/usr/local/texlive/2021/texmf-dist/tex/latex/l3backend/l3backend-xetex.def
File: l3backend-xetex.def 2021-07-12 L3 backend support: XeTeX
(|extractbb --version)
\c__kernel_sys_dvipdfmx_version_int=\count199
\l__color_backend_stack_int=\count266
\g__color_backend_stack_int=\count267
\g__graphics_track_int=\count268
\l__pdf_internal_box=\box52
\g__pdf_backend_object_int=\count269
\g__pdf_backend_annotation_int=\count270
\g__pdf_backend_link_int=\count271
))
Package: unicode-math 2020/01/31 v0.8q Unicode maths in XeLaTeX and LuaLaTeX

(/usr/local/texlive/2021/texmf-dist/tex/latex/unicode-math/unicode-math-xetex.s
ty
Package: unicode-math-xetex 2020/01/31 v0.8q Unicode maths in XeLaTeX and LuaLa
TeX
(/usr/local/texlive/2021/texmf-dist/tex/latex/l3packages/xparse/xparse.sty
Package: xparse 2021-06-18 L3 Experimental document command parser
) (/usr/local/texlive/2021/texmf-dist/tex/latex/l3packages/l3keys2e/l3keys2e.st
y
Package: l3keys2e 2021-06-18 LaTeX2e option processing using LaTeX3 keys
) (/usr/local/texlive/2021/texmf-dist/tex/latex/fontspec/fontspec.sty
Package: fontspec 2020/02/21 v2.7i Font selection for XeLaTeX and LuaLaTeX
(/usr/local/texlive/2021/texmf-dist/tex/latex/fontspec/fontspec-xetex.sty
Package: fontspec-xetex 2020/02/21 v2.7i Font selection for XeLaTeX and LuaLaTe
X
\l__fontspec_script_int=\count272
\l__fontspec_language_int=\count273
\l__fontspec_strnum_int=\count274
\l__fontspec_tmp_int=\count275
\l__fontspec_tmpa_int=\count276
\l__fontspec_tmpb_int=\count277
\l__fontspec_tmpc_int=\count278
\l__fontspec_em_int=\count279
\l__fontspec_emdef_int=\count280
\l__fontspec_strong_int=\count281
\l__fontspec_strongdef_int=\count282
\l__fontspec_tmpa_dim=\dimen148
\l__fontspec_tmpb_dim=\dimen149
\l__fontspec_tmpc_dim=\dimen150
(/usr/local/texlive/2021/texmf-dist/tex/latex/base/fontenc.sty
Package: fontenc 2021/04/29 v2.0v Standard LaTeX package
) (/usr/local/texlive/2021/texmf-dist/tex/latex/fontspec/fontspec.cfg))) (/usr/
local/texlive/2021/texmf-dist/tex/latex/base/fix-cm.sty
Package: fix-cm 2020/11/24 v1.1t fixes to LaTeX
(/usr/local/texlive/2021/texmf-dist/tex/latex/base/ts1enc.def
File: ts1enc.def 2001/06/05 v3.0e (jk/car/fm) Standard LaTeX file
LaTeX Font Info:    Redeclaring font encoding TS1 on input line 47.
))
\g__um_fam_int=\count283
\g__um_fonts_used_int=\count284
\l__um_primecount_int=\count285
\g__um_primekern_muskip=\muskip17

(/usr/local/texlive/2021/texmf-dist/tex/latex/unicode-math/unicode-math-table.t
ex))) (/usr/local/texlive/2021/texmf-dist/tex/latex/lm/lmodern.sty
Package: lmodern 2015/05/01 v1.6.1 Latin Modern Fonts
LaTeX Font Info:    Overwriting symbol font `operators' in version `normal'
(Font)                  OT1/cmr/m/n --> OT1/lmr/m/n on input line 22.
LaTeX Font Info:    Overwriting symbol font `letters' in version `normal'
(Font)                  OML/cmm/m/it --> OML/lmm/m/it on input line 23.
LaTeX Font Info:    Overwriting symbol font `symbols' in version `normal'
(Font)                  OMS/cmsy/m/n --> OMS/lmsy/m/n on input line 24.
LaTeX Font Info:    Overwriting symbol font `largesymbols' in version `normal'
(Font)                  OMX/cmex/m/n --> OMX/lmex/m/n on input line 25.
LaTeX Font Info:    Overwriting symbol font `operators' in version `bold'
(Font)                  OT1/cmr/bx/n --> OT1/lmr/bx/n on input line 26.
LaTeX Font Info:    Overwriting symbol font `letters' in version `bold'
(Font)                  OML/cmm/b/it --> OML/lmm/b/it on input line 27.
LaTeX Font Info:    Overwriting symbol font `symbols' in version `bold'
(Font)                  OMS/cmsy/b/n --> OMS/lmsy/b/n on input line 28.
LaTeX Font Info:    Overwriting symbol font `largesymbols' in version `bold'
(Font)                  OMX/cmex/m/n --> OMX/lmex/m/n on input line 29.
LaTeX Font Info:    Overwriting math alphabet `\mathbf' in version `normal'
(Font)                  OT1/cmr/bx/n --> OT1/lmr/bx/n on input line 31.
LaTeX Font Info:    Overwriting math alphabet `\mathsf' in version `normal'
(Font)                  OT1/cmss/m/n --> OT1/lmss/m/n on input line 32.
LaTeX Font Info:    Overwriting math alphabet `\mathit' in version `normal'
(Font)                  OT1/cmr/m/it --> OT1/lmr/m/it on input line 33.
LaTeX Font Info:    Overwriting math alphabet `\mathtt' in version `normal'
(Font)                  OT1/cmtt/m/n --> OT1/lmtt/m/n on input line 34.
LaTeX Font Info:    Overwriting math alphabet `\mathbf' in version `bold'
(Font)                  OT1/cmr/bx/n --> OT1/lmr/bx/n on input line 35.
LaTeX Font Info:    Overwriting math alphabet `\mathsf' in version `bold'
(Font)                  OT1/cmss/bx/n --> OT1/lmss/bx/n on input line 36.
LaTeX Font Info:    Overwriting math alphabet `\mathit' in version `bold'
(Font)                  OT1/cmr/bx/it --> OT1/lmr/bx/it on input line 37.
LaTeX Font Info:    Overwriting math alphabet `\mathtt' in version `bold'
(Font)                  OT1/cmtt/m/n --> OT1/lmtt/m/n on input line 38.
) (/usr/local/texlive/2021/texmf-dist/tex/latex/upquote/upquote.sty
Package: upquote 2012/04/19 v1.3 upright-quote and grave-accent glyphs in verba
tim
(/usr/local/texlive/2021/texmf-dist/tex/latex/base/textcomp.sty
Package: textcomp 2020/02/02 v2.0n Standard LaTeX package
)) (/usr/local/texlive/2021/texmf-dist/tex/latex/microtype/microtype.sty
Package: microtype 2021/03/14 v2.8c Micro-typographical refinements (RS)
(/usr/local/texlive/2021/texmf-dist/tex/latex/graphics/keyval.sty
Package: keyval 2014/10/28 v1.15 key=value parser (DPC)
\KV@toks@=\toks21
)
\MT@toks=\toks22
\MT@count=\count286
LaTeX Info: Redefining \textls on input line 790.
\MT@outer@kern=\dimen151
LaTeX Info: Redefining \textmicrotypecontext on input line 1374.
\MT@listname@count=\count287
(/usr/local/texlive/2021/texmf-dist/tex/latex/microtype/microtype-xetex.def
File: microtype-xetex.def 2021/03/14 v2.8c Definitions specific to xetex (RS)
LaTeX Info: Redefining \lsstyle on input line 254.
)
Package microtype Info: Loading configuration file microtype.cfg.
(/usr/local/texlive/2021/texmf-dist/tex/latex/microtype/microtype.cfg
File: microtype.cfg 2021/03/14 v2.8c microtype main configuration file (RS)
)) (/usr/local/texlive/2021/texmf-dist/tex/latex/parskip/parskip.sty
Package: parskip 2021-03-14 v2.0h non-zero parskip adjustments
(/usr/local/texlive/2021/texmf-dist/tex/latex/kvoptions/kvoptions.sty
Package: kvoptions 2020-10-07 v3.14 Key value format for package options (HO)
(/usr/local/texlive/2021/texmf-dist/tex/generic/ltxcmds/ltxcmds.sty
Package: ltxcmds 2020-05-10 v1.25 LaTeX kernel commands for general use (HO)
) (/usr/local/texlive/2021/texmf-dist/tex/generic/kvsetkeys/kvsetkeys.sty
Package: kvsetkeys 2019/12/15 v1.18 Key value parser (HO)
)) (/usr/local/texlive/2021/texmf-dist/tex/latex/etoolbox/etoolbox.sty
Package: etoolbox 2020/10/05 v2.5k e-TeX tools for LaTeX (JAW)
\etb@tempcnta=\count288
)) (/usr/local/texlive/2021/texmf-dist/tex/latex/xcolor/xcolor.sty
Package: xcolor 2016/05/11 v2.12 LaTeX color extensions (UK)
(/usr/local/texlive/2021/texmf-dist/tex/latex/graphics-cfg/color.cfg
File: color.cfg 2016/01/02 v1.6 sample color configuration
)
Package xcolor Info: Driver file: xetex.def on input line 225.
(/usr/local/texlive/2021/texmf-dist/tex/latex/graphics-def/xetex.def
File: xetex.def 2021/03/18 v5.0k Graphics/color driver for xetex
)
Package xcolor Info: Model `cmy' substituted by `cmy0' on input line 1348.
Package xcolor Info: Model `RGB' extended on input line 1364.
Package xcolor Info: Model `HTML' substituted by `rgb' on input line 1366.
Package xcolor Info: Model `Hsb' substituted by `hsb' on input line 1367.
Package xcolor Info: Model `tHsb' substituted by `hsb' on input line 1368.
Package xcolor Info: Model `HSB' substituted by `hsb' on input line 1369.
Package xcolor Info: Model `Gray' substituted by `gray' on input line 1370.
Package xcolor Info: Model `wave' substituted by `hsb' on input line 1371.
(/usr/local/texlive/2021/texmf-dist/tex/latex/graphics/dvipsnam.def
File: dvipsnam.def 2016/06/17 v3.0m Driver-dependent file (DPC,SPQR)
) (/usr/local/texlive/2021/texmf-dist/tex/latex/xcolor/svgnam.def
File: svgnam.def 2016/05/11 v2.12 Predefined colors according to SVG 1.1 (UK)
) (/usr/local/texlive/2021/texmf-dist/tex/latex/xcolor/x11nam.def
File: x11nam.def 2016/05/11 v2.12 Predefined colors according to Unix/X11 (UK)
)) (/usr/local/texlive/2021/texmf-dist/tex/latex/fancyvrb/fancyvrb.sty
Package: fancyvrb 2021/01/20 v3.7 verbatim text (tvz,hv)
\FV@CodeLineNo=\count289
\FV@InFile=\read2
\FV@TabBox=\box53
\c@FancyVerbLine=\count290
\FV@StepNumber=\count291
\FV@OutFile=\write3
) (/usr/local/texlive/2021/texmf-dist/tex/latex/framed/framed.sty
Package: framed 2011/10/22 v 0.96: framed or shaded text with page breaks
\OuterFrameSep=\skip52
\fb@frw=\dimen152
\fb@frh=\dimen153
\FrameRule=\dimen154
\FrameSep=\dimen155
) (/usr/local/texlive/2021/texmf-dist/tex/latex/tools/longtable.sty
Package: longtable 2021-05-07 v4.16 Multi-page Table package (DPC)
\LTleft=\skip53
\LTright=\skip54
\LTpre=\skip55
\LTpost=\skip56
\LTchunksize=\count292
\LTcapwidth=\dimen156
\LT@head=\box54
\LT@firsthead=\box55
\LT@foot=\box56
\LT@lastfoot=\box57
\LT@gbox=\box58
\LT@cols=\count293
\LT@rows=\count294
\c@LT@tables=\count295
\c@LT@chunks=\count296
\LT@p@ftn=\toks23
) (/usr/local/texlive/2021/texmf-dist/tex/latex/booktabs/booktabs.sty
Package: booktabs 2020/01/12 v1.61803398 Publication quality tables
\heavyrulewidth=\dimen157
\lightrulewidth=\dimen158
\cmidrulewidth=\dimen159
\belowrulesep=\dimen160
\belowbottomsep=\dimen161
\aboverulesep=\dimen162
\abovetopsep=\dimen163
\cmidrulesep=\dimen164
\cmidrulekern=\dimen165
\defaultaddspace=\dimen166
\@cmidla=\count297
\@cmidlb=\count298
\@aboverulesep=\dimen167
\@belowrulesep=\dimen168
\@thisruleclass=\count299
\@lastruleclass=\count300
\@thisrulewidth=\dimen169
) (/usr/local/texlive/2021/texmf-dist/tex/latex/tools/array.sty
Package: array 2021/04/20 v2.5e Tabular extension package (FMi)
\col@sep=\dimen170
\ar@mcellbox=\box59
\extrarowheight=\dimen171
\NC@list=\toks24
\extratabsurround=\skip57
\backup@length=\skip58
\ar@cellbox=\box60
) (/usr/local/texlive/2021/texmf-dist/tex/latex/tools/calc.sty
Package: calc 2017/05/25 v4.3 Infix arithmetic (KKT,FJ)
\calc@Acount=\count301
\calc@Bcount=\count302
\calc@Adimen=\dimen172
\calc@Bdimen=\dimen173
\calc@Askip=\skip59
\calc@Bskip=\skip60
LaTeX Info: Redefining \setlength on input line 80.
LaTeX Info: Redefining \addtolength on input line 81.
\calc@Ccount=\count303
\calc@Cskip=\skip61
) (/usr/local/texlive/2021/texmf-dist/tex/latex/footnotehyper/footnotehyper.sty
Package: footnotehyper 2021/02/04 v1.1d hyperref aware footnote.sty (JFB)
\FNH@notes=\box61
\FNH@width=\dimen174
\FNH@toks=\toks25
) (/usr/local/texlive/2021/texmf-dist/tex/latex/graphics/graphicx.sty
Package: graphicx 2020/12/05 v1.2c Enhanced LaTeX Graphics (DPC,SPQR)
(/usr/local/texlive/2021/texmf-dist/tex/latex/graphics/graphics.sty
Package: graphics 2021/03/04 v1.4d Standard LaTeX Graphics (DPC,SPQR)
(/usr/local/texlive/2021/texmf-dist/tex/latex/graphics/trig.sty
Package: trig 2016/01/03 v1.10 sin cos tan (DPC)
) (/usr/local/texlive/2021/texmf-dist/tex/latex/graphics-cfg/graphics.cfg
File: graphics.cfg 2016/06/04 v1.11 sample graphics configuration
)
Package graphics Info: Driver file: xetex.def on input line 107.
)
\Gin@req@height=\dimen175
\Gin@req@width=\dimen176
)

Package fontspec Info: XITS Math scale = 0.9577770965134752.


Package fontspec Info: XITS Math scale = 0.9577770965134752.


Package fontspec Info: XITS Math/B scale = 0.9349229043929835.


Package fontspec Info: Font family 'XITSMath(0)' created for font 'XITS Math'
(fontspec)             with options
(fontspec)             [Scale=MatchLowercase,BoldItalicFont={},ItalicFont={},Sm
allCapsFont={},Script=Math].
(fontspec)              
(fontspec)              This font family consists of the following NFSS
(fontspec)             series/shapes:
(fontspec)              
(fontspec)             - 'normal' (m/n) with NFSS spec.:
(fontspec)             <->s*[0.9577770965134752]"XITS
(fontspec)             Math/OT:script=math;language=dflt;"
(fontspec)             - 'small caps'  (m/sc) with NFSS spec.: 
(fontspec)             - 'bold' (b/n) with NFSS spec.:
(fontspec)             <->s*[0.9349229043929835]"XITS
(fontspec)             Math/B/OT:script=math;language=dflt;"
(fontspec)             - 'bold small caps'  (b/sc) with NFSS spec.: 

LaTeX Font Info:    Font shape `TU/XITSMath(0)/m/n' will be
(Font)              scaled to size 10.48767pt on input line 110.

Package fontspec Info: XITS Math scale = 0.9577770965134752.


Package fontspec Info: XITS Math scale = 0.9577770965134752.


Package fontspec Info: XITS Math scale = 0.9577770965134752.


Package fontspec Info: XITS Math scale = 0.9577770965134752.


Package fontspec Info: XITS Math/B scale = 0.9349229043929835.


Package fontspec Info: Font family 'XITSMath(1)' created for font 'XITS Math'
(fontspec)             with options
(fontspec)             [Scale=MatchLowercase,BoldItalicFont={},ItalicFont={},Sm
allCapsFont={},Script=Math,SizeFeatures={{Size=9.58125-},{Size=7.39125-9.58125,
Font=XITS
(fontspec)             Math,Style=MathScript},{Size=-7.39125,Font=XITS
(fontspec)             Math,Style=MathScriptScript}}].
(fontspec)              
(fontspec)              This font family consists of the following NFSS
(fontspec)             series/shapes:
(fontspec)              
(fontspec)             - 'normal' (m/n) with NFSS spec.:
(fontspec)             <9.58125->s*[0.9577770965134752]"XITS
(fontspec)             Math/OT:script=math;language=dflt;"<7.39125-9.58125>s*[0
.9577770965134752]"XITS
(fontspec)             Math/OT:script=math;language=dflt;+ssty=0;"<-7.39125>s*[
0.9577770965134752]"XITS
(fontspec)             Math/OT:script=math;language=dflt;+ssty=1;"
(fontspec)             - 'small caps'  (m/sc) with NFSS spec.: 
(fontspec)             - 'bold' (b/n) with NFSS spec.:
(fontspec)             <->s*[0.9349229043929835]"XITS
(fontspec)             Math/B/OT:script=math;language=dflt;"
(fontspec)             - 'bold small caps'  (b/sc) with NFSS spec.: 

LaTeX Font Info:    Font shape `TU/XITSMath(1)/m/n' will be
(Font)              scaled to size 10.48767pt on input line 110.
LaTeX Font Info:    Encoding `OT1' has changed to `TU' for symbol font
(Font)              `operators' in the math version `normal' on input line 110.

LaTeX Font Info:    Overwriting symbol font `operators' in version `normal'
(Font)                  OT1/lmr/m/n --> TU/XITSMath(1)/m/n on input line 110.
LaTeX Font Info:    Encoding `OT1' has changed to `TU' for symbol font
(Font)              `operators' in the math version `bold' on input line 110.
LaTeX Font Info:    Overwriting symbol font `operators' in version `bold'
(Font)                  OT1/lmr/bx/n --> TU/XITSMath(1)/b/n on input line 110.

Package fontspec Info: XITS Math scale = 0.9577770965134752.


Package fontspec Info: XITS Math scale = 0.9578728742231265.


Package fontspec Info: XITS Math scale = 0.9577770965134752.


Package fontspec Info: XITS Math scale = 0.9578728742231265.


Package fontspec Info: XITS Math scale = 0.9577770965134752.


Package fontspec Info: XITS Math scale = 0.9578728742231265.


Package fontspec Info: XITS Math scale = 0.9577770965134752.


Package fontspec Info: XITS Math scale = 0.9578728742231265.


Package fontspec Info: XITS Math/B scale = 0.9349229043929835.


Package fontspec Info: XITS Math/B scale = 0.9350163966834228.


Package fontspec Info: Font family 'XITSMath(2)' created for font 'XITS Math'
(fontspec)             with options
(fontspec)             [Scale=MatchLowercase,BoldItalicFont={},ItalicFont={},Sm
allCapsFont={},Script=Math,SizeFeatures={{Size=9.58125-},{Size=7.39125-9.58125,
Font=XITS
(fontspec)             Math,Style=MathScript},{Size=-7.39125,Font=XITS
(fontspec)             Math,Style=MathScriptScript}},ScaleAgain=1.0001,FontAdju
stment={\fontdimen
(fontspec)             8\font =6.08286pt\relax \fontdimen 9\font
(fontspec)             =5.03409pt\relax \fontdimen 10\font =5.03409pt\relax
(fontspec)             \fontdimen 11\font =7.34137pt\relax \fontdimen 12\font
(fontspec)             =5.03409pt\relax \fontdimen 13\font =4.19507pt\relax
(fontspec)             \fontdimen 14\font =4.19507pt\relax \fontdimen 15\font
(fontspec)             =2.88411pt\relax \fontdimen 16\font =2.62192pt\relax
(fontspec)             \fontdimen 17\font =2.62192pt\relax \fontdimen 18\font
(fontspec)             =3.93288pt\relax \fontdimen 19\font =0.52438pt\relax
(fontspec)             \fontdimen 22\font =2.62192pt\relax \fontdimen 20\font
(fontspec)             =0pt\relax \fontdimen 21\font =0pt\relax }].
(fontspec)              
(fontspec)              This font family consists of the following NFSS
(fontspec)             series/shapes:
(fontspec)              
(fontspec)             - 'normal' (m/n) with NFSS spec.:
(fontspec)             <9.58125->s*[0.9578728742231265]"XITS
(fontspec)             Math/OT:script=math;language=dflt;"<7.39125-9.58125>s*[0
.9578728742231265]"XITS
(fontspec)             Math/OT:script=math;language=dflt;+ssty=0;"<-7.39125>s*[
0.9578728742231265]"XITS
(fontspec)             Math/OT:script=math;language=dflt;+ssty=1;"
(fontspec)             - 'small caps'  (m/sc) with NFSS spec.: 
(fontspec)             and font adjustment code:
(fontspec)             \fontdimen 8\font =6.08286pt\relax \fontdimen 9\font
(fontspec)             =5.03409pt\relax \fontdimen 10\font =5.03409pt\relax
(fontspec)             \fontdimen 11\font =7.34137pt\relax \fontdimen 12\font
(fontspec)             =5.03409pt\relax \fontdimen 13\font =4.19507pt\relax
(fontspec)             \fontdimen 14\font =4.19507pt\relax \fontdimen 15\font
(fontspec)             =2.88411pt\relax \fontdimen 16\font =2.62192pt\relax
(fontspec)             \fontdimen 17\font =2.62192pt\relax \fontdimen 18\font
(fontspec)             =3.93288pt\relax \fontdimen 19\font =0.52438pt\relax
(fontspec)             \fontdimen 22\font =2.62192pt\relax \fontdimen 20\font
(fontspec)             =0pt\relax \fontdimen 21\font =0pt\relax 
(fontspec)             - 'bold' (b/n) with NFSS spec.:
(fontspec)             <->s*[0.9350163966834228]"XITS
(fontspec)             Math/B/OT:script=math;language=dflt;"
(fontspec)             - 'bold small caps'  (b/sc) with NFSS spec.: 
(fontspec)             and font adjustment code:
(fontspec)             \fontdimen 8\font =6.08286pt\relax \fontdimen 9\font
(fontspec)             =5.03409pt\relax \fontdimen 10\font =5.03409pt\relax
(fontspec)             \fontdimen 11\font =7.34137pt\relax \fontdimen 12\font
(fontspec)             =5.03409pt\relax \fontdimen 13\font =4.19507pt\relax
(fontspec)             \fontdimen 14\font =4.19507pt\relax \fontdimen 15\font
(fontspec)             =2.88411pt\relax \fontdimen 16\font =2.62192pt\relax
(fontspec)             \fontdimen 17\font =2.62192pt\relax \fontdimen 18\font
(fontspec)             =3.93288pt\relax \fontdimen 19\font =0.52438pt\relax
(fontspec)             \fontdimen 22\font =2.62192pt\relax \fontdimen 20\font
(fontspec)             =0pt\relax \fontdimen 21\font =0pt\relax 

LaTeX Font Info:    Encoding `OMS' has changed to `TU' for symbol font
(Font)              `symbols' in the math version `normal' on input line 110.
LaTeX Font Info:    Overwriting symbol font `symbols' in version `normal'
(Font)                  OMS/lmsy/m/n --> TU/XITSMath(2)/m/n on input line 110.
LaTeX Font Info:    Encoding `OMS' has changed to `TU' for symbol font
(Font)              `symbols' in the math version `bold' on input line 110.
LaTeX Font Info:    Overwriting symbol font `symbols' in version `bold'
(Font)                  OMS/lmsy/b/n --> TU/XITSMath(2)/b/n on input line 110.

Package fontspec Info: XITS Math scale = 0.9577770965134752.


Package fontspec Info: XITS Math scale = 0.9576813188038239.


Package fontspec Info: XITS Math scale = 0.9577770965134752.


Package fontspec Info: XITS Math scale = 0.9576813188038239.


Package fontspec Info: XITS Math scale = 0.9577770965134752.


Package fontspec Info: XITS Math scale = 0.9576813188038239.


Package fontspec Info: XITS Math scale = 0.9577770965134752.


Package fontspec Info: XITS Math scale = 0.9576813188038239.


Package fontspec Info: XITS Math/B scale = 0.9349229043929835.


Package fontspec Info: XITS Math/B scale = 0.9348294121025442.


Package fontspec Info: Font family 'XITSMath(3)' created for font 'XITS Math'
(fontspec)             with options
(fontspec)             [Scale=MatchLowercase,BoldItalicFont={},ItalicFont={},Sm
allCapsFont={},Script=Math,SizeFeatures={{Size=9.58125-},{Size=7.39125-9.58125,
Font=XITS
(fontspec)             Math,Style=MathScript},{Size=-7.39125,Font=XITS
(fontspec)             Math,Style=MathScriptScript}},ScaleAgain=0.9999,FontAdju
stment={\fontdimen
(fontspec)             8\font =0.69218pt\relax \fontdimen 9\font
(fontspec)             =1.57315pt\relax \fontdimen 10\font =1.57315pt\relax
(fontspec)             \fontdimen 11\font =3.1463pt\relax \fontdimen 12\font
(fontspec)             =6.2926pt\relax \fontdimen 13\font =0pt\relax }].
(fontspec)              
(fontspec)              This font family consists of the following NFSS
(fontspec)             series/shapes:
(fontspec)              
(fontspec)             - 'normal' (m/n) with NFSS spec.:
(fontspec)             <9.58125->s*[0.9576813188038239]"XITS
(fontspec)             Math/OT:script=math;language=dflt;"<7.39125-9.58125>s*[0
.9576813188038239]"XITS
(fontspec)             Math/OT:script=math;language=dflt;+ssty=0;"<-7.39125>s*[
0.9576813188038239]"XITS
(fontspec)             Math/OT:script=math;language=dflt;+ssty=1;"
(fontspec)             - 'small caps'  (m/sc) with NFSS spec.: 
(fontspec)             and font adjustment code:
(fontspec)             \fontdimen 8\font =0.69218pt\relax \fontdimen 9\font
(fontspec)             =1.57315pt\relax \fontdimen 10\font =1.57315pt\relax
(fontspec)             \fontdimen 11\font =3.1463pt\relax \fontdimen 12\font
(fontspec)             =6.2926pt\relax \fontdimen 13\font =0pt\relax 
(fontspec)             - 'bold' (b/n) with NFSS spec.:
(fontspec)             <->s*[0.9348294121025442]"XITS
(fontspec)             Math/B/OT:script=math;language=dflt;"
(fontspec)             - 'bold small caps'  (b/sc) with NFSS spec.: 
(fontspec)             and font adjustment code:
(fontspec)             \fontdimen 8\font =0.69218pt\relax \fontdimen 9\font
(fontspec)             =1.57315pt\relax \fontdimen 10\font =1.57315pt\relax
(fontspec)             \fontdimen 11\font =3.1463pt\relax \fontdimen 12\font
(fontspec)             =6.2926pt\relax \fontdimen 13\font =0pt\relax 

LaTeX Font Info:    Encoding `OMX' has changed to `TU' for symbol font
(Font)              `largesymbols' in the math version `normal' on input line 1
10.
LaTeX Font Info:    Overwriting symbol font `largesymbols' in version `normal'
(Font)                  OMX/lmex/m/n --> TU/XITSMath(3)/m/n on input line 110.
LaTeX Font Info:    Encoding `OMX' has changed to `TU' for symbol font
(Font)              `largesymbols' in the math version `bold' on input line 110
.
LaTeX Font Info:    Overwriting symbol font `largesymbols' in version `bold'
(Font)                  OMX/lmex/m/n --> TU/XITSMath(3)/b/n on input line 110.

Package fontspec Info: XITS scale = 0.9577770965134752.


Package fontspec Info: XITS scale = 0.9577770965134752.


Package fontspec Info: XITS/B scale = 0.9349229043929835.


Package fontspec Info: XITS/I scale = 1.007006531181017.


Package fontspec Info: XITS/BI scale = 0.9599083833004357.


Package fontspec Info: Font family 'XITS(0)' created for font 'XITS' with
(fontspec)             options
(fontspec)             [Scale=MatchLowercase,Ligatures=TeX,Scale=1,Ligatures
(fontspec)             ={Common, TeX},Scale=1,RawFeature={+cpsp}].
(fontspec)              
(fontspec)              This font family consists of the following NFSS
(fontspec)             series/shapes:
(fontspec)              
(fontspec)             - 'normal' (m/n) with NFSS spec.:
(fontspec)             <->s*[1]"XITS/OT:script=latn;language=dflt;+liga;+cpsp;m
apping=tex-text;"
(fontspec)             - 'small caps'  (m/sc) with NFSS spec.: 
(fontspec)             - 'bold' (b/n) with NFSS spec.:
(fontspec)             <->s*[1]"XITS/B/OT:script=latn;language=dflt;+liga;+cpsp
;mapping=tex-text;"
(fontspec)             - 'bold small caps'  (b/sc) with NFSS spec.: 
(fontspec)             - 'italic' (m/it) with NFSS spec.:
(fontspec)             <->s*[1]"XITS/I/OT:script=latn;language=dflt;+liga;+cpsp
;mapping=tex-text;"
(fontspec)             - 'italic small caps'  (m/scit) with NFSS spec.: 
(fontspec)             - 'bold italic' (b/it) with NFSS spec.:
(fontspec)             <->s*[1]"XITS/BI/OT:script=latn;language=dflt;+liga;+cps
p;mapping=tex-text;"
(fontspec)             - 'bold italic small caps'  (b/scit) with NFSS spec.: 

LaTeX Font Info:    Font shape `TU/XITS(0)/m/n' will be
(Font)              scaled to size 10.95pt on input line 113.

Package fontspec Info: XITS scale = 1.


Package fontspec Info: XITS scale = 1.


Package fontspec Info: XITS/B scale = 0.9761382975186125.


Package fontspec Info: XITS/I scale = 1.051399678324684.


Package fontspec Info: XITS/BI scale = 1.002225243007709.


Package fontspec Info: Font family 'XITS(1)' created for font 'XITS' with
(fontspec)             options [Scale=MatchLowercase,Ligatures ={Common,
(fontspec)             TeX},Scale=1,RawFeature={+cpsp}].
(fontspec)              
(fontspec)              This font family consists of the following NFSS
(fontspec)             series/shapes:
(fontspec)              
(fontspec)             - 'normal' (m/n) with NFSS spec.:
(fontspec)             <->s*[1]"XITS/OT:script=latn;language=dflt;+liga;+cpsp;m
apping=tex-text;"
(fontspec)             - 'small caps'  (m/sc) with NFSS spec.: 
(fontspec)             - 'bold' (b/n) with NFSS spec.:
(fontspec)             <->s*[1]"XITS/B/OT:script=latn;language=dflt;+liga;+cpsp
;mapping=tex-text;"
(fontspec)             - 'bold small caps'  (b/sc) with NFSS spec.: 
(fontspec)             - 'italic' (m/it) with NFSS spec.:
(fontspec)             <->s*[1]"XITS/I/OT:script=latn;language=dflt;+liga;+cpsp
;mapping=tex-text;"
(fontspec)             - 'italic small caps'  (m/scit) with NFSS spec.: 
(fontspec)             - 'bold italic' (b/it) with NFSS spec.:
(fontspec)             <->s*[1]"XITS/BI/OT:script=latn;language=dflt;+liga;+cps
p;mapping=tex-text;"
(fontspec)             - 'bold italic small caps'  (b/scit) with NFSS spec.: 

LaTeX Font Info:    Overwriting math alphabet `\mathrm' in version `normal'
(Font)                  TU/XITSMath(1)/m/n --> TU/XITS(1)/m/n on input line 113
.
LaTeX Font Info:    Overwriting math alphabet `\mathit' in version `normal'
(Font)                  OT1/lmr/m/it --> TU/XITS(1)/m/it on input line 113.
LaTeX Font Info:    Overwriting math alphabet `\mathbf' in version `normal'
(Font)                  OT1/lmr/bx/n --> TU/XITS(1)/b/n on input line 113.

Package fontspec Info: Helvetica Neue scale = 0.873668917602753.


Package fontspec Info: Helvetica Neue scale = 0.873668917602753.


Package fontspec Info: Helvetica Neue scale = 0.873668917602753.


Package fontspec Info: Helvetica Neue scale = 0.873668917602753.


Package fontspec Info: Helvetica Neue/B scale = 0.873668917602753.


Package fontspec Info: Helvetica Neue/B scale = 0.873668917602753.


Package fontspec Info: Helvetica Neue/I scale = 0.873668917602753.


Package fontspec Info: Helvetica Neue/I scale = 0.873668917602753.


Package fontspec Info: Helvetica Neue/BI scale = 0.873668917602753.


Package fontspec Info: Helvetica Neue/BI scale = 0.873668917602753.


Package fontspec Info: Font family 'HelveticaNeue(0)' created for font
(fontspec)             'Helvetica Neue' with options
(fontspec)             [Scale=MatchLowercase,Ligatures=TeX,RawFeature={+cpsp},S
cale=MatchLowercase].
(fontspec)              
(fontspec)              This font family consists of the following NFSS
(fontspec)             series/shapes:
(fontspec)              
(fontspec)             - 'normal' (m/n) with NFSS spec.:
(fontspec)             <->s*[0.873668917602753]"Helvetica
(fontspec)             Neue/AAT:+cpsp;mapping=tex-text;"
(fontspec)             - 'small caps'  (m/sc) with NFSS spec.: 
(fontspec)             - 'bold' (b/n) with NFSS spec.:
(fontspec)             <->s*[0.873668917602753]"Helvetica
(fontspec)             Neue/B/AAT:+cpsp;mapping=tex-text;"
(fontspec)             - 'bold small caps'  (b/sc) with NFSS spec.: 
(fontspec)             - 'italic' (m/it) with NFSS spec.:
(fontspec)             <->s*[0.873668917602753]"Helvetica
(fontspec)             Neue/I/AAT:+cpsp;mapping=tex-text;"
(fontspec)             - 'italic small caps'  (m/scit) with NFSS spec.: 
(fontspec)             - 'bold italic' (b/it) with NFSS spec.:
(fontspec)             <->s*[0.873668917602753]"Helvetica
(fontspec)             Neue/BI/AAT:+cpsp;mapping=tex-text;"
(fontspec)             - 'bold italic small caps'  (b/scit) with NFSS spec.: 


Package fontspec Info: Helvetica Neue scale = 0.873668917602753.


Package fontspec Info: Helvetica Neue scale = 0.873668917602753.


Package fontspec Info: Helvetica Neue scale = 0.873668917602753.


Package fontspec Info: Helvetica Neue scale = 0.873668917602753.


Package fontspec Info: Helvetica Neue/B scale = 0.873668917602753.


Package fontspec Info: Helvetica Neue/B scale = 0.873668917602753.


Package fontspec Info: Helvetica Neue/I scale = 0.873668917602753.


Package fontspec Info: Helvetica Neue/I scale = 0.873668917602753.


Package fontspec Info: Helvetica Neue/BI scale = 0.873668917602753.


Package fontspec Info: Helvetica Neue/BI scale = 0.873668917602753.


Package fontspec Info: Font family 'HelveticaNeue(1)' created for font
(fontspec)             'Helvetica Neue' with options
(fontspec)             [Scale=MatchLowercase,RawFeature={+cpsp},Scale=MatchLowe
rcase].
(fontspec)              
(fontspec)              This font family consists of the following NFSS
(fontspec)             series/shapes:
(fontspec)              
(fontspec)             - 'normal' (m/n) with NFSS spec.:
(fontspec)             <->s*[0.873668917602753]"Helvetica Neue/AAT:+cpsp;"
(fontspec)             - 'small caps'  (m/sc) with NFSS spec.: 
(fontspec)             - 'bold' (b/n) with NFSS spec.:
(fontspec)             <->s*[0.873668917602753]"Helvetica Neue/B/AAT:+cpsp;"
(fontspec)             - 'bold small caps'  (b/sc) with NFSS spec.: 
(fontspec)             - 'italic' (m/it) with NFSS spec.:
(fontspec)             <->s*[0.873668917602753]"Helvetica Neue/I/AAT:+cpsp;"
(fontspec)             - 'italic small caps'  (m/scit) with NFSS spec.: 
(fontspec)             - 'bold italic' (b/it) with NFSS spec.:
(fontspec)             <->s*[0.873668917602753]"Helvetica Neue/BI/AAT:+cpsp;"
(fontspec)             - 'bold italic small caps'  (b/scit) with NFSS spec.: 

LaTeX Font Info:    Overwriting math alphabet `\mathsf' in version `normal'
(Font)                  OT1/lmss/m/n --> TU/HelveticaNeue(1)/m/n on input line 
114.
LaTeX Font Info:    Overwriting math alphabet `\mathsf' in version `bold'
(Font)                  OT1/lmss/bx/n --> TU/HelveticaNeue(1)/b/n on input line
 114.

Package fontspec Info: Source Code Pro scale = 0.9374989113331668.


Package fontspec Info: Source Code Pro scale = 0.9374989113331668.


Package fontspec Info: Source Code Pro/B scale = 0.9374989113331668.


Package fontspec Info: Source Code Pro/I scale = 0.9374989113331668.


Package fontspec Info: Source Code Pro/BI scale = 0.9374989113331668.


Package fontspec Info: Font family 'SourceCodePro(0)' created for font 'Source
(fontspec)             Code Pro' with options
(fontspec)             [Scale=MatchLowercase,WordSpace={1,0,0},HyphenChar=None,
PunctuationSpace=WordSpace,Scale=0.85].
(fontspec)              
(fontspec)              This font family consists of the following NFSS
(fontspec)             series/shapes:
(fontspec)              
(fontspec)             - 'normal' (m/n) with NFSS spec.: <->s*[0.85]"Source
(fontspec)             Code Pro/OT:script=latn;language=dflt;"
(fontspec)             - 'small caps'  (m/sc) with NFSS spec.: 
(fontspec)             and font adjustment code:
(fontspec)             \fontdimen 2\font =1\fontdimen 2\font \fontdimen 3\font
(fontspec)             =0\fontdimen 3\font \fontdimen 4\font =0\fontdimen
(fontspec)             4\font \fontdimen 7\font =0\fontdimen 2\font
(fontspec)             \tex_hyphenchar:D \font =-1\scan_stop: 
(fontspec)             - 'bold' (b/n) with NFSS spec.: <->s*[0.85]"Source Code
(fontspec)             Pro/B/OT:script=latn;language=dflt;"
(fontspec)             - 'bold small caps'  (b/sc) with NFSS spec.: 
(fontspec)             and font adjustment code:
(fontspec)             \fontdimen 2\font =1\fontdimen 2\font \fontdimen 3\font
(fontspec)             =0\fontdimen 3\font \fontdimen 4\font =0\fontdimen
(fontspec)             4\font \fontdimen 7\font =0\fontdimen 2\font
(fontspec)             \tex_hyphenchar:D \font =-1\scan_stop: 
(fontspec)             - 'italic' (m/it) with NFSS spec.: <->s*[0.85]"Source
(fontspec)             Code Pro/I/OT:script=latn;language=dflt;"
(fontspec)             - 'italic small caps'  (m/scit) with NFSS spec.: 
(fontspec)             and font adjustment code:
(fontspec)             \fontdimen 2\font =1\fontdimen 2\font \fontdimen 3\font
(fontspec)             =0\fontdimen 3\font \fontdimen 4\font =0\fontdimen
(fontspec)             4\font \fontdimen 7\font =0\fontdimen 2\font
(fontspec)             \tex_hyphenchar:D \font =-1\scan_stop: 
(fontspec)             - 'bold italic' (b/it) with NFSS spec.:
(fontspec)             <->s*[0.85]"Source Code
(fontspec)             Pro/BI/OT:script=latn;language=dflt;"
(fontspec)             - 'bold italic small caps'  (b/scit) with NFSS spec.: 
(fontspec)             and font adjustment code:
(fontspec)             \fontdimen 2\font =1\fontdimen 2\font \fontdimen 3\font
(fontspec)             =0\fontdimen 3\font \fontdimen 4\font =0\fontdimen
(fontspec)             4\font \fontdimen 7\font =0\fontdimen 2\font
(fontspec)             \tex_hyphenchar:D \font =-1\scan_stop: 


Package fontspec Info: Source Code Pro scale = 0.9374989113331668.


Package fontspec Info: Source Code Pro scale = 0.9374989113331668.


Package fontspec Info: Source Code Pro/B scale = 0.9374989113331668.


Package fontspec Info: Source Code Pro/I scale = 0.9374989113331668.


Package fontspec Info: Source Code Pro/BI scale = 0.9374989113331668.


Package fontspec Info: Font family 'SourceCodePro(1)' created for font 'Source
(fontspec)             Code Pro' with options
(fontspec)             [Scale=MatchLowercase,Scale=0.85].
(fontspec)              
(fontspec)              This font family consists of the following NFSS
(fontspec)             series/shapes:
(fontspec)              
(fontspec)             - 'normal' (m/n) with NFSS spec.: <->s*[0.85]"Source
(fontspec)             Code Pro/OT:script=latn;language=dflt;"
(fontspec)             - 'small caps'  (m/sc) with NFSS spec.: 
(fontspec)             - 'bold' (b/n) with NFSS spec.: <->s*[0.85]"Source Code
(fontspec)             Pro/B/OT:script=latn;language=dflt;"
(fontspec)             - 'bold small caps'  (b/sc) with NFSS spec.: 
(fontspec)             - 'italic' (m/it) with NFSS spec.: <->s*[0.85]"Source
(fontspec)             Code Pro/I/OT:script=latn;language=dflt;"
(fontspec)             - 'italic small caps'  (m/scit) with NFSS spec.: 
(fontspec)             - 'bold italic' (b/it) with NFSS spec.:
(fontspec)             <->s*[0.85]"Source Code
(fontspec)             Pro/BI/OT:script=latn;language=dflt;"
(fontspec)             - 'bold italic small caps'  (b/scit) with NFSS spec.: 

LaTeX Font Info:    Overwriting math alphabet `\mathtt' in version `normal'
(Font)                  OT1/lmtt/m/n --> TU/SourceCodePro(1)/m/n on input line 
115.
LaTeX Font Info:    Overwriting math alphabet `\mathtt' in version `bold'
(Font)                  OT1/lmtt/m/n --> TU/SourceCodePro(1)/b/n on input line 
115.
(/usr/local/texlive/2021/texmf-dist/tex/latex/geometry/geometry.sty
Package: geometry 2020/01/02 v5.9 Page Geometry
(/usr/local/texlive/2021/texmf-dist/tex/generic/iftex/ifvtex.sty
Package: ifvtex 2019/10/25 v1.7 ifvtex legacy package. Use iftex instead.
)
\Gm@cnth=\count304
\Gm@cntv=\count305
\c@Gm@tempcnt=\count306
\Gm@bindingoffset=\dimen177
\Gm@wd@mp=\dimen178
\Gm@odd@mp=\dimen179
\Gm@even@mp=\dimen180
\Gm@layoutwidth=\dimen181
\Gm@layoutheight=\dimen182
\Gm@layouthoffset=\dimen183
\Gm@layoutvoffset=\dimen184
\Gm@dimlist=\toks26
) (/usr/local/texlive/2021/texmf-dist/tex/latex/tools/afterpage.sty
Package: afterpage 2014/10/28 v1.08 After-Page Package (DPC)
\AP@output=\toks27
\AP@partial=\box62
\AP@footins=\box63
) (/usr/local/texlive/2021/texmf-dist/tex/latex/pagecolor/pagecolor.sty
Package: pagecolor 2017/05/29 v1.0i Provides thepagecolor (HMM)
(/usr/local/texlive/2021/texmf-dist/tex/generic/iftex/ifpdf.sty
Package: ifpdf 2019/10/25 v3.4 ifpdf legacy package. Use iftex instead.
) (/usr/local/texlive/2021/texmf-dist/tex/generic/iftex/ifluatex.sty
Package: ifluatex 2019/10/25 v1.5 ifluatex legacy package. Use iftex instead.
)
Package pagecolor Info: \nopagecolor is undefined on input line 101.

Package pagecolor Warning: Option nopagecolor=none requested but \nopagecolor u
nknown:
(pagecolor)                By option nopagecolor the "colour" to be used with\n
opagecolor
(pagecolor)                is set. The current value is "none" (maybe by defaul
t),
(pagecolor)                but command \nopagecolor is undefined.
(pagecolor)                Therefore the colour cannot be "none".
(pagecolor)                Please change the option accordingly!
(pagecolor)                As first aid nopagecolor is now set to white
(pagecolor)                 on input line 116.


Package pagecolor Warning: Option pagecolor=none (maybe by default) used,
(pagecolor)                but \nopagecolor is unknown.
(pagecolor)                Please use anotheroption value;
(pagecolor)                white 
(pagecolor)                will be used now
(pagecolor)                 on input line 127.

) (/usr/local/texlive/2021/texmf-dist/tex/latex/multirow/multirow.sty
Package: multirow 2021/03/15 v2.8 Span multiple rows of a table
\multirow@colwidth=\skip62
\multirow@cntb=\count307
\multirow@dima=\skip63
\bigstrutjot=\dimen185
) (/usr/local/texlive/2021/texmf-dist/tex/latex/wrapfig/wrapfig.sty
\wrapoverhang=\dimen186
\WF@size=\dimen187
\c@WF@wrappedlines=\count308
\WF@box=\box64
\WF@everypar=\toks28
Package: wrapfig 2003/01/31  v 3.6
) (/usr/local/texlive/2021/texmf-dist/tex/latex/float/float.sty
Package: float 2001/11/08 v1.3d Float enhancements (AL)
\c@float@type=\count309
\float@exts=\toks29
\float@box=\box65
\@float@everytoks=\toks30
\@floatcapt=\box66
) (/usr/local/texlive/2021/texmf-dist/tex/latex/colortbl/colortbl.sty
Package: colortbl 2020/01/04 v1.0e Color table columns (DPC)
\everycr=\toks31
\minrowclearance=\skip64
) (/usr/local/texlive/2021/texmf-dist/tex/latex/tabu/tabu.sty
Package: tabu 2019/01/11 v2.9 - flexible LaTeX tabulars (FC+tabu-fixed)
(/usr/local/texlive/2021/texmf-dist/tex/latex/varwidth/varwidth.sty
Package: varwidth 2009/03/30 ver 0.92;  Variable-width minipages
\@vwid@box=\box67
\sift@deathcycles=\count310
\@vwid@loff=\dimen188
\@vwid@roff=\dimen189
)
\c@taburow=\count311
\tabu@nbcols=\count312
\tabu@cnt=\count313
\tabu@Xcol=\count314
\tabu@alloc=\count315
\tabu@nested=\count316
\tabu@target=\dimen190
\tabu@spreadtarget=\dimen191
\tabu@naturalX=\dimen192
\tabucolX=\dimen193
\tabu@Xsum=\dimen194
\extrarowdepth=\dimen195
\abovetabulinesep=\dimen196
\belowtabulinesep=\dimen197
\tabustrutrule=\dimen198
\tabu@thebody=\toks32
\tabu@footnotes=\toks33
\tabu@box=\box68
\tabu@arstrutbox=\box69
\tabu@hleads=\box70
\tabu@vleads=\box71
\tabu@cellskip=\skip65
) (/usr/local/texlive/2021/texmf-dist/tex/latex/makecell/makecell.sty
Package: makecell 2009/08/03 V0.1e Managing of Tab Column Heads and Cells
\rotheadsize=\dimen199
\c@nlinenum=\count317
\TeXr@lab=\toks34
) (/usr/local/texlive/2021/texmf-dist/tex/latex/listings/listings.sty
\lst@mode=\count318
\lst@gtempboxa=\box72
\lst@token=\toks35
\lst@length=\count319
\lst@currlwidth=\dimen256
\lst@column=\count320
\lst@pos=\count321
\lst@lostspace=\dimen257
\lst@width=\dimen258
\lst@newlines=\count322
\lst@lineno=\count323
\lst@maxwidth=\dimen259
(/usr/local/texlive/2021/texmf-dist/tex/latex/listings/lstmisc.sty
File: lstmisc.sty 2020/03/24 1.8d (Carsten Heinz)
\c@lstnumber=\count324
\lst@skipnumbers=\count325
\lst@framebox=\box73
) (/usr/local/texlive/2021/texmf-dist/tex/latex/listings/listings.cfg
File: listings.cfg 2020/03/24 1.8d listings configuration
))
Package: listings 2020/03/24 1.8d (Carsten Heinz)
(/usr/local/texlive/2021/texmf-dist/tex/latex/enumitem/enumitem.sty
Package: enumitem 2019/06/20 v3.9 Customized lists
\labelindent=\skip66
\enit@outerparindent=\dimen260
\enit@toks=\toks36
\enit@inbox=\box74
\enit@count@id=\count326
\enitdp@description=\count327
) (/usr/local/texlive/2021/texmf-dist/tex/latex/awesomebox/awesomebox.sty
Package: awesomebox 2019/07/27 v0.6
(/usr/local/texlive/2021/texmf-dist/tex/latex/fontawesome5/fontawesome5.sty
Package: fontawesome5 2021/06/04 v5.15.3 Font Awesome 5

(/usr/local/texlive/2021/texmf-dist/tex/latex/fontawesome5/fontawesome5-utex-he
lper.sty
Package: fontawesome5-utex-helper 2021/06/04 v5.15.3 uTeX helper for fontawesom
e5
LaTeX Font Info:    Trying to load font information for TU+fontawesomefree on i
nput line 69.

(/usr/local/texlive/2021/texmf-dist/tex/latex/fontawesome5/tufontawesomefree.fd
)
LaTeX Font Info:    Trying to load font information for TU+fontawesomebrands on
 input line 70.

(/usr/local/texlive/2021/texmf-dist/tex/latex/fontawesome5/tufontawesomebrands.
fd)))
\aweboxleftmargin=\skip67
\aweboxcontentwidth=\skip68
\aweboxvskip=\skip69
\aweboxsignraise=\skip70
\aweboxrulewidth=\skip71
(/usr/local/texlive/2021/texmf-dist/tex/latex/base/ifthen.sty
Package: ifthen 2020/11/24 v1.1c Standard LaTeX ifthen package (DPC)
)
\aweboxlinewidthvar=\skip72
\aweboxlinewidthref=\skip73
) (/usr/local/texlive/2021/texmf-dist/tex/latex/siunitx/siunitx.sty
Package: siunitx 2021-07-22 v3.0.22 A comprehensive (SI) units package
\l__siunitx_angle_tmp_dim=\dimen261
\l__siunitx_angle_marker_box=\box75
\l__siunitx_angle_unit_box=\box76
\l__siunitx_compound_count_int=\count328
(/usr/local/texlive/2021/texmf-dist/tex/latex/translations/translations.sty
Package: translations 2021/01/17 v1.10a internationalization of LaTeX2e package
s (CN)
(/usr/local/texlive/2021/texmf-dist/tex/generic/pdftexcmds/pdftexcmds.sty
Package: pdftexcmds 2020-06-27 v0.33 Utility functions of pdfTeX for LuaTeX (HO
)
(/usr/local/texlive/2021/texmf-dist/tex/generic/infwarerr/infwarerr.sty
Package: infwarerr 2019/12/03 v1.5 Providing info/warning/error messages (HO)
)
Package pdftexcmds Info: \pdf@primitive is available.
Package pdftexcmds Info: \pdf@ifprimitive is available.
Package pdftexcmds Info: \pdfdraftmode not found.
))
\l__siunitx_number_exponent_fixed_int=\count329
\l__siunitx_number_min_decimal_int=\count330
\l__siunitx_number_min_integer_int=\count331
\l__siunitx_number_round_precision_int=\count332
\l__siunitx_number_group_minimum_int=\count333
\l__siunitx_table_tmp_box=\box77
\l__siunitx_table_tmp_dim=\dimen262
\l__siunitx_table_column_width_dim=\dimen263
\l__siunitx_table_integer_box=\box78
\l__siunitx_table_decimal_box=\box79
\l__siunitx_table_before_box=\box80
\l__siunitx_table_after_box=\box81
\l__siunitx_table_before_dim=\dimen264
\l__siunitx_table_carry_dim=\dimen265
\l__siunitx_unit_tmp_int=\count334
\l__siunitx_unit_position_int=\count335
\l__siunitx_unit_total_int=\count336
) (/usr/local/texlive/2021/texmf-dist/tex/latex/titling/titling.sty
Package: titling 2009/09/04 v2.1d maketitle typesetting
\thanksmarkwidth=\skip74
\thanksmargin=\skip75
\droptitle=\skip76
) (/usr/local/texlive/2021/texmf-dist/tex/latex/tocbibind/tocbibind.sty
Package: tocbibind 2010/10/13 v1.5k extra ToC listings
Package tocbibind Info: The document has chapter divisions on input line 50.

Package tocbibind Note: Using chapter style headings, unless overridden.

) (/usr/local/texlive/2021/texmf-dist/tex/latex/natbib/natbib.sty
Package: natbib 2010/09/13 8.31b (PWD, AO)
\bibhang=\skip77
\bibsep=\skip78
LaTeX Info: Redefining \cite on input line 694.
\c@NAT@ctr=\count337
) (/usr/local/texlive/2021/texmf-dist/tex/latex/bookmark/bookmark.sty
Package: bookmark 2020-11-06 v1.29 PDF bookmarks (HO)
(/usr/local/texlive/2021/texmf-dist/tex/latex/hyperref/hyperref.sty
Package: hyperref 2021-06-07 v7.00m Hypertext links for LaTeX
(/usr/local/texlive/2021/texmf-dist/tex/generic/kvdefinekeys/kvdefinekeys.sty
Package: kvdefinekeys 2019-12-19 v1.6 Define keys (HO)
) (/usr/local/texlive/2021/texmf-dist/tex/generic/pdfescape/pdfescape.sty
Package: pdfescape 2019/12/09 v1.15 Implements pdfTeX's escape features (HO)
) (/usr/local/texlive/2021/texmf-dist/tex/latex/hycolor/hycolor.sty
Package: hycolor 2020-01-27 v1.10 Color options for hyperref/bookmark (HO)
) (/usr/local/texlive/2021/texmf-dist/tex/latex/letltxmacro/letltxmacro.sty
Package: letltxmacro 2019/12/03 v1.6 Let assignment for LaTeX macros (HO)
) (/usr/local/texlive/2021/texmf-dist/tex/latex/auxhook/auxhook.sty
Package: auxhook 2019-12-17 v1.6 Hooks for auxiliary files (HO)
)
\@linkdim=\dimen266
\Hy@linkcounter=\count338
\Hy@pagecounter=\count339
(/usr/local/texlive/2021/texmf-dist/tex/latex/hyperref/pd1enc.def
File: pd1enc.def 2021-06-07 v7.00m Hyperref: PDFDocEncoding definition (HO)
)
(/usr/local/texlive/2021/texmf-dist/tex/latex/hyperref/hyperref-langpatches.def
File: hyperref-langpatches.def 2021-06-07 v7.00m Hyperref: patches for babel la
nguages
) (/usr/local/texlive/2021/texmf-dist/tex/generic/intcalc/intcalc.sty
Package: intcalc 2019/12/15 v1.3 Expandable calculations with integers (HO)
) (/usr/local/texlive/2021/texmf-dist/tex/generic/etexcmds/etexcmds.sty
Package: etexcmds 2019/12/15 v1.7 Avoid name clashes with e-TeX commands (HO)
)
\Hy@SavedSpaceFactor=\count340
(/usr/local/texlive/2021/texmf-dist/tex/latex/hyperref/puenc.def
File: puenc.def 2021-06-07 v7.00m Hyperref: PDF Unicode definition (HO)
)
Package hyperref Info: Option `unicode' set `true' on input line 4073.
Package hyperref Info: Hyper figures OFF on input line 4192.
Package hyperref Info: Link nesting OFF on input line 4197.
Package hyperref Info: Hyper index ON on input line 4200.
Package hyperref Info: Plain pages OFF on input line 4207.
Package hyperref Info: Backreferencing OFF on input line 4212.
Package hyperref Info: Implicit mode ON; LaTeX internals redefined.
Package hyperref Info: Bookmarks ON on input line 4445.
\c@Hy@tempcnt=\count341
(/usr/local/texlive/2021/texmf-dist/tex/latex/url/url.sty
\Urlmuskip=\muskip18
Package: url 2013/09/16  ver 3.4  Verb mode for urls, etc.
)
LaTeX Info: Redefining \url on input line 4804.
\XeTeXLinkMargin=\dimen267
(/usr/local/texlive/2021/texmf-dist/tex/generic/bitset/bitset.sty
Package: bitset 2019/12/09 v1.3 Handle bit-vector datatype (HO)
(/usr/local/texlive/2021/texmf-dist/tex/generic/bigintcalc/bigintcalc.sty
Package: bigintcalc 2019/12/15 v1.5 Expandable calculations on big integers (HO
)
))
\Fld@menulength=\count342
\Field@Width=\dimen268
\Fld@charsize=\dimen269
Package hyperref Info: Hyper figures OFF on input line 6076.
Package hyperref Info: Link nesting OFF on input line 6081.
Package hyperref Info: Hyper index ON on input line 6084.
Package hyperref Info: backreferencing OFF on input line 6091.
Package hyperref Info: Link coloring OFF on input line 6096.
Package hyperref Info: Link coloring with OCG OFF on input line 6101.
Package hyperref Info: PDF/A mode OFF on input line 6106.
LaTeX Info: Redefining \ref on input line 6146.
LaTeX Info: Redefining \pageref on input line 6150.
(/usr/local/texlive/2021/texmf-dist/tex/latex/base/atbegshi-ltx.sty
Package: atbegshi-ltx 2021/01/10 v1.0c Emulation of the original atbegshi
package with kernel methods
)
\Hy@abspage=\count343
\c@Item=\count344
\c@Hfootnote=\count345
)
Package hyperref Info: Driver (autodetected): hxetex.
(/usr/local/texlive/2021/texmf-dist/tex/latex/hyperref/hxetex.def
File: hxetex.def 2021-06-07 v7.00m Hyperref driver for XeTeX
(/usr/local/texlive/2021/texmf-dist/tex/generic/stringenc/stringenc.sty
Package: stringenc 2019/11/29 v1.12 Convert strings between diff. encodings (HO
)
)
\pdfm@box=\box82
\c@Hy@AnnotLevel=\count346
\HyField@AnnotCount=\count347
\Fld@listcount=\count348
\c@bookmark@seq@number=\count349

(/usr/local/texlive/2021/texmf-dist/tex/latex/rerunfilecheck/rerunfilecheck.sty
Package: rerunfilecheck 2019/12/05 v1.9 Rerun checks for auxiliary files (HO)
(/usr/local/texlive/2021/texmf-dist/tex/latex/base/atveryend-ltx.sty
Package: atveryend-ltx 2020/08/19 v1.0a Emulation of the original atvery packag
e
with kernel methods
)
(/usr/local/texlive/2021/texmf-dist/tex/generic/uniquecounter/uniquecounter.sty
Package: uniquecounter 2019/12/15 v1.4 Provide unlimited unique counter (HO)
)
Package uniquecounter Info: New unique counter `rerunfilecheck' on input line 2
86.
)
\Hy@SectionHShift=\skip79
) (/usr/local/texlive/2021/texmf-dist/tex/latex/bookmark/bkm-dvipdfm.def
File: bkm-dvipdfm.def 2020-11-06 v1.29 bookmark driver for dvipdfm (HO)
\BKM@id=\count350
)) (/usr/local/texlive/2021/texmf-dist/tex/latex/xurl/xurl.sty
Package: xurl 2020/12/30 v 0.09a modify URL breaks
)
Package hyperref Info: Option `colorlinks' set `true' on input line 199.
(/usr/local/texlive/2021/texmf-dist/tex/latex/amscls/amsthm.sty
Package: amsthm 2020/05/29 v2.20.6
\thm@style=\toks37
\thm@bodyfont=\toks38
\thm@headfont=\toks39
\thm@notefont=\toks40
\thm@headpunct=\toks41
\thm@preskip=\skip80
\thm@postskip=\skip81
\thm@headsep=\skip82
\dth@everypar=\toks42
)
\c@theorem=\count351
\c@lemma=\count352
\c@corollary=\count353
\c@proposition=\count354
\c@conjecture=\count355
\c@definition=\count356
\c@example=\count357
\c@exercise=\count358
\c@hypothesis=\count359
Package translations Info: No language package found. I am going to use `englis
h' as default language. on input line 222.
(./ma22004.aux)
\openout1 = `ma22004.aux'.

LaTeX Font Info:    Checking defaults for OML/cmm/m/it on input line 222.
LaTeX Font Info:    ... okay on input line 222.
LaTeX Font Info:    Checking defaults for OMS/cmsy/m/n on input line 222.
LaTeX Font Info:    ... okay on input line 222.
LaTeX Font Info:    Checking defaults for OT1/cmr/m/n on input line 222.
LaTeX Font Info:    ... okay on input line 222.
LaTeX Font Info:    Checking defaults for T1/cmr/m/n on input line 222.
LaTeX Font Info:    ... okay on input line 222.
LaTeX Font Info:    Checking defaults for TS1/cmr/m/n on input line 222.
LaTeX Font Info:    ... okay on input line 222.
LaTeX Font Info:    Checking defaults for TU/lmr/m/n on input line 222.
LaTeX Font Info:    ... okay on input line 222.
LaTeX Font Info:    Checking defaults for OMX/cmex/m/n on input line 222.
LaTeX Font Info:    ... okay on input line 222.
LaTeX Font Info:    Checking defaults for U/cmr/m/n on input line 222.
LaTeX Font Info:    ... okay on input line 222.
LaTeX Font Info:    Checking defaults for PD1/pdf/m/n on input line 222.
LaTeX Font Info:    ... okay on input line 222.
LaTeX Font Info:    Checking defaults for PU/pdf/m/n on input line 222.
LaTeX Font Info:    ... okay on input line 222.
LaTeX Info: Redefining \microtypecontext on input line 222.
Package microtype Info: Character protrusion enabled (level 2).
Package microtype Info: Using protrusion set `basicmath'.
Package microtype Info: No adjustment of tracking.
Package microtype Info: No adjustment of spacing.
Package microtype Info: No adjustment of kerning.
Package microtype Info: Loading generic protrusion settings for font family
(microtype)             `XITS' (encoding: TU).
(microtype)             For optimal results, create family-specific settings.
(microtype)             See the microtype manual for details.
*geometry* driver: auto-detecting
*geometry* detected driver: xetex
*geometry* verbose mode - [ preamble ] result:
* driver: xetex
* paper: a4paper
* layout: <same size as paper>
* layoutoffset:(h,v)=(0.0pt,0.0pt)
* modes: 
* h-part:(L,W,R)=(71.13188pt, 455.24411pt, 71.13188pt)
* v-part:(T,H,B)=(85.35826pt, 674.33032pt, 85.35826pt)
* \paperwidth=597.50787pt
* \paperheight=845.04684pt
* \textwidth=455.24411pt
* \textheight=674.33032pt
* \oddsidemargin=-1.1381pt
* \evensidemargin=-1.1381pt
* \topmargin=-18.78552pt
* \headheight=12.0pt
* \headsep=19.8738pt
* \topskip=11.0pt
* \footskip=27.46295pt
* \marginparwidth=62.0pt
* \marginparsep=7.0pt
* \columnsep=10.0pt
* \skip\footins=10.0pt plus 4.0pt minus 2.0pt
* \hoffset=0.0pt
* \voffset=0.0pt
* \mag=1000
* \@twocolumnfalse
* \@twosidefalse
* \@mparswitchfalse
* \@reversemarginfalse
* (1in=72.27pt=25.4mm, 1cm=28.453pt)

\c@lstlisting=\count360

(/usr/local/texlive/2021/texmf-dist/tex/latex/translations/translations-basic-d
ictionary-english.trsl
File: translations-basic-dictionary-english.trsl (english translation file `tra
nslations-basic-dictionary')
)
Package translations Info: loading dictionary `translations-basic-dictionary' f
or `english'. on input line 222.
Package hyperref Info: Link coloring ON on input line 222.
(/usr/local/texlive/2021/texmf-dist/tex/latex/hyperref/nameref.sty
Package: nameref 2021-04-02 v2.47 Cross-referencing by name of section
(/usr/local/texlive/2021/texmf-dist/tex/latex/refcount/refcount.sty
Package: refcount 2019/12/15 v3.6 Data extraction from label references (HO)
)
(/usr/local/texlive/2021/texmf-dist/tex/generic/gettitlestring/gettitlestring.s
ty
Package: gettitlestring 2019/12/15 v1.6 Cleanup title references (HO)
)
\c@section@level=\count361
)
LaTeX Info: Redefining \ref on input line 222.
LaTeX Info: Redefining \pageref on input line 222.
LaTeX Info: Redefining \nameref on input line 222.
LaTeX Font Info:    Font shape `TU/HelveticaNeue(0)/m/n' will be
(Font)              scaled to size 59.40973pt on input line 224.
Unknown feature `+cpsp' in font `Helvetica Neue'.
LaTeX Font Info:    Font shape `TU/HelveticaNeue(0)/b/n' will be
(Font)              scaled to size 59.40973pt on input line 224.
Unknown feature `+cpsp' in font `Helvetica Neue Bold'.
LaTeX Font Info:    Font shape `TU/HelveticaNeue(0)/m/n' will be
(Font)              scaled to size 15.7261pt on input line 224.
Unknown feature `+cpsp' in font `Helvetica Neue'.
LaTeX Font Info:    Calculating math sizes for size <18> on input line 224.
LaTeX Font Info:    Font shape `TU/XITSMath(1)/m/n' will be
(Font)              scaled to size 17.24002pt on input line 224.
LaTeX Font Info:    Font shape `TU/XITSMath(1)/m/n' will be
(Font)              scaled to size 12.06795pt on input line 224.
LaTeX Font Info:    Font shape `TU/XITSMath(1)/m/n' will be
(Font)              scaled to size 8.62001pt on input line 224.
LaTeX Font Info:    Trying to load font information for OML+lmm on input line 2
24.
(/usr/local/texlive/2021/texmf-dist/tex/latex/lm/omllmm.fd
File: omllmm.fd 2015/05/01 v1.6.1 Font defs for Latin Modern
)
LaTeX Font Info:    Font shape `TU/XITSMath(2)/m/n' will be
(Font)              scaled to size 17.24167pt on input line 224.
LaTeX Font Info:    Font shape `TU/XITSMath(2)/m/n' will be
(Font)              scaled to size 12.0691pt on input line 224.
LaTeX Font Info:    Font shape `TU/XITSMath(2)/m/n' will be
(Font)              scaled to size 8.62083pt on input line 224.
LaTeX Font Info:    Font shape `TU/XITSMath(3)/m/n' will be
(Font)              scaled to size 17.23837pt on input line 224.
LaTeX Font Info:    Font shape `TU/XITSMath(3)/m/n' will be
(Font)              scaled to size 12.0668pt on input line 224.
LaTeX Font Info:    Font shape `TU/XITSMath(3)/m/n' will be
(Font)              scaled to size 8.61919pt on input line 224.
LaTeX Font Info:    Trying to load font information for U+msa on input line 224
.
(/usr/local/texlive/2021/texmf-dist/tex/latex/amsfonts/umsa.fd
File: umsa.fd 2013/01/14 v3.01 AMS symbols A
) (/usr/local/texlive/2021/texmf-dist/tex/latex/microtype/mt-msa.cfg
File: mt-msa.cfg 2006/02/04 v1.1 microtype config. file: AMS symbols (a) (RS)
)
LaTeX Font Info:    Trying to load font information for U+msb on input line 224
.
(/usr/local/texlive/2021/texmf-dist/tex/latex/amsfonts/umsb.fd
File: umsb.fd 2013/01/14 v3.01 AMS symbols B
) (/usr/local/texlive/2021/texmf-dist/tex/latex/microtype/mt-msb.cfg
File: mt-msb.cfg 2005/06/01 v1.0 microtype config. file: AMS symbols (b) (RS)
)
File: assets/images/rev_logo.pdf Graphic file (type pdf)
<use assets/images/rev_logo.pdf>
[1


]
LaTeX Font Info:    Font shape `TU/XITS(0)/m/n' will be
(Font)              scaled to size 24.88pt on input line 228.
LaTeX Font Info:    Font shape `TU/XITS(0)/b/n' will be
(Font)              scaled to size 24.88pt on input line 228.
(./ma22004.toc
LaTeX Font Info:    Font shape `TU/XITS(0)/b/n' will be
(Font)              scaled to size 10.95pt on input line 1.
LaTeX Font Info:    Font shape `TU/XITS(0)/m/n' will be
(Font)              scaled to size 12.0pt on input line 2.
LaTeX Font Info:    Font shape `TU/XITS(0)/b/n' will be
(Font)              scaled to size 12.0pt on input line 2.
LaTeX Font Info:    Font shape `TU/XITSMath(1)/m/n' will be
(Font)              scaled to size 7.86575pt on input line 6.
LaTeX Font Info:    Font shape `TU/XITSMath(1)/m/n' will be
(Font)              scaled to size 6.2926pt on input line 6.
LaTeX Font Info:    Font shape `TU/XITSMath(2)/m/n' will be
(Font)              scaled to size 10.48868pt on input line 6.
LaTeX Font Info:    Font shape `TU/XITSMath(2)/m/n' will be
(Font)              scaled to size 7.8665pt on input line 6.
LaTeX Font Info:    Font shape `TU/XITSMath(2)/m/n' will be
(Font)              scaled to size 6.29321pt on input line 6.
LaTeX Font Info:    Font shape `TU/XITSMath(3)/m/n' will be
(Font)              scaled to size 10.48666pt on input line 6.
LaTeX Font Info:    Font shape `TU/XITSMath(3)/m/n' will be
(Font)              scaled to size 7.86499pt on input line 6.
LaTeX Font Info:    Font shape `TU/XITSMath(3)/m/n' will be
(Font)              scaled to size 6.292pt on input line 6.
LaTeX Font Info:    Font shape `TU/HelveticaNeue(1)/m/n' will be
(Font)              scaled to size 9.5667pt on input line 24.
Unknown feature `+cpsp' in font `Helvetica Neue'.
Package microtype Info: Loading generic protrusion settings for font family
(microtype)             `HelveticaNeue' (encoding: TU).
(microtype)             For optimal results, create family-specific settings.
(microtype)             See the microtype manual for details.
LaTeX Font Info:    Font shape `TU/HelveticaNeue(1)/m/n' will be
(Font)              scaled to size 7.17502pt on input line 24.
Unknown feature `+cpsp' in font `Helvetica Neue'.
LaTeX Font Info:    Font shape `TU/HelveticaNeue(1)/m/n' will be
(Font)              scaled to size 5.74002pt on input line 24.
Unknown feature `+cpsp' in font `Helvetica Neue'.
[1

])
\tf@toc=\write4
\openout4 = `ma22004.toc'.

LaTeX Font Info:    Font shape `TU/XITS(0)/m/sl' in size <10.95> not available
(Font)              Font shape `TU/XITS(0)/m/it' tried instead on input line 23
1.
LaTeX Font Info:    Font shape `TU/XITS(0)/m/it' will be
(Font)              scaled to size 10.95pt on input line 231.
[2] [3

] [4

]
LaTeX Font Info:    Font shape `TU/SourceCodePro(0)/m/n' will be
(Font)              scaled to size 9.30756pt on input line 250.
[5

]
LaTeX Font Info:    Font shape `TU/XITS(0)/m/n' will be
(Font)              scaled to size 14.4pt on input line 269.
LaTeX Font Info:    Font shape `TU/XITS(0)/b/n' will be
(Font)              scaled to size 14.4pt on input line 269.
LaTeX Font Info:    Font shape `TU/XITS(0)/m/n' will be
(Font)              scaled to size 8.2125pt on input line 301.
[6

] [7] [8

] [9

]
LaTeX Font Info:    Font shape `TU/XITS(0)/m/n' will be
(Font)              scaled to size 6.57pt on input line 396.
LaTeX Font Info:    Font shape `TU/XITS(1)/m/n' will be
(Font)              scaled to size 10.95pt on input line 408.
LaTeX Font Info:    Font shape `TU/XITS(1)/m/n' will be
(Font)              scaled to size 8.2125pt on input line 408.
LaTeX Font Info:    Font shape `TU/XITS(1)/m/n' will be
(Font)              scaled to size 6.57pt on input line 408.
LaTeX Font Info:    Font shape `TU/XITS(1)/b/n' will be
(Font)              scaled to size 10.95pt on input line 420.
LaTeX Font Info:    Font shape `TU/XITS(1)/b/n' will be
(Font)              scaled to size 8.2125pt on input line 420.
LaTeX Font Info:    Font shape `TU/XITS(1)/b/n' will be
(Font)              scaled to size 6.57pt on input line 420.
[10]
Missing character: There is no  (U+1D6FA) in font XITS/OT:script=latn;language
=dflt;+liga;+cpsp;mapping=tex-text;!
[11] [12] [13] [14]
Topic 1.
LaTeX Font Info:    Font shape `TU/XITS(0)/m/n' will be
(Font)              scaled to size 20.74pt on input line 638.
LaTeX Font Info:    Font shape `TU/XITS(0)/b/n' will be
(Font)              scaled to size 20.74pt on input line 638.
File: ma22004_files/figure-latex/normals-diff-mean-1.pdf Graphic file (type pdf
)
<use ma22004_files/figure-latex/normals-diff-mean-1.pdf>
[15

]
File: ma22004_files/figure-latex/normals-diff-sd-1.pdf Graphic file (type pdf)
<use ma22004_files/figure-latex/normals-diff-sd-1.pdf>
LaTeX Font Info:    Font shape `TU/XITS(0)/m/n' will be
(Font)              scaled to size 9.0pt on input line 685.
LaTeX Font Info:    Font shape `TU/XITSMath(1)/m/n' will be
(Font)              scaled to size 5.74667pt on input line 685.
LaTeX Font Info:    Font shape `TU/XITSMath(1)/m/n' will be
(Font)              scaled to size 4.7889pt on input line 685.
LaTeX Font Info:    Font shape `TU/XITS(1)/m/n' will be
(Font)              scaled to size 9.0pt on input line 685.
LaTeX Font Info:    Font shape `TU/XITS(1)/m/n' will be
(Font)              scaled to size 6.0pt on input line 685.
LaTeX Font Info:    Font shape `TU/XITS(1)/m/n' will be
(Font)              scaled to size 5.0pt on input line 685.
LaTeX Font Info:    Font shape `TU/XITSMath(2)/m/n' will be
(Font)              scaled to size 5.74722pt on input line 685.
LaTeX Font Info:    Font shape `TU/XITSMath(2)/m/n' will be
(Font)              scaled to size 4.78935pt on input line 685.
LaTeX Font Info:    Font shape `TU/XITSMath(3)/m/n' will be
(Font)              scaled to size 5.74612pt on input line 685.
LaTeX Font Info:    Font shape `TU/XITSMath(3)/m/n' will be
(Font)              scaled to size 4.78844pt on input line 685.
LaTeX Font Info:    Font shape `TU/XITS(1)/b/n' will be
(Font)              scaled to size 9.0pt on input line 685.
LaTeX Font Info:    Font shape `TU/XITS(1)/b/n' will be
(Font)              scaled to size 6.0pt on input line 685.
LaTeX Font Info:    Font shape `TU/XITS(1)/b/n' will be
(Font)              scaled to size 5.0pt on input line 685.
LaTeX Font Info:    Font shape `TU/HelveticaNeue(1)/m/n' will be
(Font)              scaled to size 7.86305pt on input line 685.
Unknown feature `+cpsp' in font `Helvetica Neue'.
LaTeX Font Info:    Font shape `TU/HelveticaNeue(1)/m/n' will be
(Font)              scaled to size 5.24203pt on input line 685.
Unknown feature `+cpsp' in font `Helvetica Neue'.
LaTeX Font Info:    Font shape `TU/HelveticaNeue(1)/m/n' will be
(Font)              scaled to size 4.36836pt on input line 685.
Unknown feature `+cpsp' in font `Helvetica Neue'.
LaTeX Font Info:    Font shape `TU/XITS(0)/m/n' will be
(Font)              scaled to size 6.0pt on input line 685.
[16]
File: ma22004_files/figure-latex/example-norm-geq-1.pdf Graphic file (type pdf)

<use ma22004_files/figure-latex/example-norm-geq-1.pdf>
[17]
File: ma22004_files/figure-latex/example-norm-interval-1.pdf Graphic file (type
 pdf)
<use ma22004_files/figure-latex/example-norm-interval-1.pdf>
LaTeX Font Info:    Font shape `TU/XITSMath(1)/m/n' will be
(Font)              scaled to size 11.49335pt on input line 764.
LaTeX Font Info:    Font shape `TU/XITSMath(1)/m/n' will be
(Font)              scaled to size 7.66223pt on input line 764.
LaTeX Font Info:    Font shape `TU/XITS(1)/m/n' will be
(Font)              scaled to size 12.0pt on input line 764.
LaTeX Font Info:    Font shape `TU/XITS(1)/m/n' will be
(Font)              scaled to size 8.0pt on input line 764.
LaTeX Font Info:    Font shape `TU/XITSMath(2)/m/n' will be
(Font)              scaled to size 11.49445pt on input line 764.
LaTeX Font Info:    Font shape `TU/XITSMath(2)/m/n' will be
(Font)              scaled to size 7.66296pt on input line 764.
LaTeX Font Info:    Font shape `TU/XITSMath(3)/m/n' will be
(Font)              scaled to size 11.49225pt on input line 764.
LaTeX Font Info:    Font shape `TU/XITSMath(3)/m/n' will be
(Font)              scaled to size 7.6615pt on input line 764.
LaTeX Font Info:    Font shape `TU/XITS(1)/b/n' will be
(Font)              scaled to size 12.0pt on input line 764.
LaTeX Font Info:    Font shape `TU/XITS(1)/b/n' will be
(Font)              scaled to size 8.0pt on input line 764.
LaTeX Font Info:    Font shape `TU/HelveticaNeue(1)/m/n' will be
(Font)              scaled to size 10.48407pt on input line 764.
Unknown feature `+cpsp' in font `Helvetica Neue'.
LaTeX Font Info:    Font shape `TU/HelveticaNeue(1)/m/n' will be
(Font)              scaled to size 6.98938pt on input line 764.
Unknown feature `+cpsp' in font `Helvetica Neue'.
LaTeX Font Info:    Font shape `TU/XITSMath(1)/m/n' will be
(Font)              scaled to size 13.792pt on input line 779.
LaTeX Font Info:    Font shape `TU/XITSMath(1)/m/n' will be
(Font)              scaled to size 9.57779pt on input line 779.
LaTeX Font Info:    Font shape `TU/XITSMath(1)/m/n' will be
(Font)              scaled to size 6.70445pt on input line 779.
LaTeX Font Info:    Font shape `TU/XITS(1)/m/n' will be
(Font)              scaled to size 14.4pt on input line 779.
LaTeX Font Info:    Font shape `TU/XITS(1)/m/n' will be
(Font)              scaled to size 10.0pt on input line 779.
LaTeX Font Info:    Font shape `TU/XITS(1)/m/n' will be
(Font)              scaled to size 7.0pt on input line 779.
LaTeX Font Info:    Font shape `TU/XITSMath(2)/m/n' will be
(Font)              scaled to size 13.79332pt on input line 779.
LaTeX Font Info:    Font shape `TU/XITSMath(2)/m/n' will be
(Font)              scaled to size 9.5787pt on input line 779.
LaTeX Font Info:    Font shape `TU/XITSMath(2)/m/n' will be
(Font)              scaled to size 6.7051pt on input line 779.
LaTeX Font Info:    Font shape `TU/XITSMath(3)/m/n' will be
(Font)              scaled to size 13.79068pt on input line 779.
LaTeX Font Info:    Font shape `TU/XITSMath(3)/m/n' will be
(Font)              scaled to size 9.57687pt on input line 779.
LaTeX Font Info:    Font shape `TU/XITSMath(3)/m/n' will be
(Font)              scaled to size 6.70381pt on input line 779.
LaTeX Font Info:    Font shape `TU/XITS(1)/b/n' will be
(Font)              scaled to size 14.4pt on input line 779.
LaTeX Font Info:    Font shape `TU/XITS(1)/b/n' will be
(Font)              scaled to size 10.0pt on input line 779.
LaTeX Font Info:    Font shape `TU/XITS(1)/b/n' will be
(Font)              scaled to size 7.0pt on input line 779.
LaTeX Font Info:    Font shape `TU/HelveticaNeue(1)/m/n' will be
(Font)              scaled to size 12.58087pt on input line 779.
Unknown feature `+cpsp' in font `Helvetica Neue'.
LaTeX Font Info:    Font shape `TU/HelveticaNeue(1)/m/n' will be
(Font)              scaled to size 8.73672pt on input line 779.
Unknown feature `+cpsp' in font `Helvetica Neue'.
LaTeX Font Info:    Font shape `TU/HelveticaNeue(1)/m/n' will be
(Font)              scaled to size 6.1157pt on input line 779.
Unknown feature `+cpsp' in font `Helvetica Neue'.
LaTeX Font Info:    Font shape `TU/XITS(0)/m/n' will be
(Font)              scaled to size 5.0pt on input line 781.
[18]
File: ma22004_files/figure-latex/exemplar-t-dist-1.pdf Graphic file (type pdf)
<use ma22004_files/figure-latex/exemplar-t-dist-1.pdf>
[19]
File: ma22004_files/figure-latex/exemplar-chisq-dist-1.pdf Graphic file (type p
df)
<use ma22004_files/figure-latex/exemplar-chisq-dist-1.pdf>
[20]
File: ma22004_files/figure-latex/exemplar-F-dist-1.pdf Graphic file (type pdf)
<use ma22004_files/figure-latex/exemplar-F-dist-1.pdf>
[21] [22]
Topic 2.
LaTeX Font Info:    Font shape `TU/XITS(0)/m/it' will be
(Font)              scaled to size 9.0pt on input line 886.
File: ma22004_files/figure-latex/setosa-petal-lengths-1.pdf Graphic file (type 
pdf)
<use ma22004_files/figure-latex/setosa-petal-lengths-1.pdf>
[23

]

LaTeX Warning: `!h' float specifier changed to `!ht'.

[24]
File: ma22004_files/figure-latex/qq-plot-cherry-1.pdf Graphic file (type pdf)
<use ma22004_files/figure-latex/qq-plot-cherry-1.pdf>
[25]
File: ma22004_files/figure-latex/fifty-cis-1.pdf Graphic file (type pdf)
<use ma22004_files/figure-latex/fifty-cis-1.pdf>
[26] [27] [28]
LaTeX Font Info:    Font shape `TU/XITS(0)/m/it' will be
(Font)              scaled to size 8.2125pt on input line 1084.
LaTeX Font Info:    Font shape `TU/XITS(0)/m/it' will be
(Font)              scaled to size 6.57pt on input line 1084.
[29]
File: assets/images/churchill_ballot.jpg Graphic file (type bmp)
<assets/images/churchill_ballot.jpg>
[30] [31]
Topic 3.
[32

]
File: ma22004_files/figure-latex/ci-norm-known-var-code-1.pdf Graphic file (typ
e pdf)
<use ma22004_files/figure-latex/ci-norm-known-var-code-1.pdf>
[33] [34]
LaTeX Font Info:    Font shape `TU/SourceCodePro(0)/m/n' will be
(Font)              scaled to size 7.65005pt on input line 1309.
[35]
LaTeX Font Info:    Font shape `TU/SourceCodePro(0)/b/n' will be
(Font)              scaled to size 9.30756pt on input line 1358.
File: ma22004_files/figure-latex/exm-mean-large-sample-infer-htest-1.pdf Graphi
c file (type pdf)
<use ma22004_files/figure-latex/exm-mean-large-sample-infer-htest-1.pdf>
[36]
LaTeX Font Info:    Font shape `TU/XITS(0)/b/it' will be
(Font)              scaled to size 10.95pt on input line 1407.
[37] [38]
File: ma22004_files/figure-latex/exm-htest-ttest-plot-1.pdf Graphic file (type 
pdf)
<use ma22004_files/figure-latex/exm-htest-ttest-plot-1.pdf>
[39] [40] [41]
File: ma22004_files/figure-latex/exm-htest-chisq-plot-1.pdf Graphic file (type 
pdf)
<use ma22004_files/figure-latex/exm-htest-chisq-plot-1.pdf>
[42]
File: ma22004_files/figure-latex/eg-ci-variance-infer-code-1.pdf Graphic file (
type pdf)
<use ma22004_files/figure-latex/eg-ci-variance-infer-code-1.pdf>
[43] [44]
Topic 4.
[45

] [46] [47] [48] [49] [50] [51]
Topic 5.
LaTeX Font Info:    Font shape `TU/XITS(0)/b/n' will be
(Font)              scaled to size 9.0pt on input line 2013.
[52

]
File: ma22004_files/figure-latex/anova-samples-boxplots-1.pdf Graphic file (typ
e pdf)
<use ma22004_files/figure-latex/anova-samples-boxplots-1.pdf>
[53]
LaTeX Font Info:    Font shape `TU/SourceCodePro(0)/m/it' will be
(Font)              scaled to size 9.30756pt on input line 2098.
[54] [55]
Topic 6.
[56

]
File: ma22004_files/figure-latex/linear-model-fit-1.pdf Graphic file (type pdf)

<use ma22004_files/figure-latex/linear-model-fit-1.pdf>
File: ma22004_files/figure-latex/linear-model-residuals-1.pdf Graphic file (typ
e pdf)
<use ma22004_files/figure-latex/linear-model-residuals-1.pdf>
[57] [58]
File: ma22004_files/figure-latex/linear-model-sigma-large-v-small-1.pdf Graphic
 file (type pdf)
<use ma22004_files/figure-latex/linear-model-sigma-large-v-small-1.pdf>
[59] [60]
File: ma22004_files/figure-latex/linear-model-correlation-1.pdf Graphic file (t
ype pdf)
<use ma22004_files/figure-latex/linear-model-correlation-1.pdf>
[61] [62]
Topic 7.

LaTeX Warning: `!h' float specifier changed to `!ht'.

[63

] [64] [65]
Topic 8.
[66

]
File: ma22004_files/figure-latex/qc-beer-pH-norm-1.pdf Graphic file (type pdf)
<use ma22004_files/figure-latex/qc-beer-pH-norm-1.pdf>

LaTeX Warning: `!h' float specifier changed to `!ht'.


Underfull \hbox (badness 10000) in paragraph at lines 2683--2684

 []

[67] [68]
File: ma22004_files/figure-latex/qc-beer-control-chart-1.pdf Graphic file (type
 pdf)
<use ma22004_files/figure-latex/qc-beer-control-chart-1.pdf>
[69] [70

] [71

] [72] [73] [74] (./ma22004.bbl [75]) [76

] (./ma22004.aux) ) 
Here is how much of TeX's memory you used:
 28240 strings out of 476476
 535125 string characters out of 5814301
 1049540 words of memory out of 5000000
 48163 multiletter control sequences out of 15000+600000
 417383 words of font info for 196 fonts, out of 8000000 for 9000
 1348 hyphenation exceptions out of 8191
 87i,12n,123p,1227b,979s stack positions out of 5000i,500n,10000p,200000b,80000s

Output written on ma22004.pdf (77 pages).
